<?xml version="1.0" encoding="UTF-8"?>
<!-- Generated by org.testng.reporters.JUnitReportReporter -->
<testsuite hostname="PRACTIAARNB1955" failures="0" tests="7" name="org.example.PruebaSoldado" time="0.012" errors="0" timestamp="2023-12-12T18:17:34 ART" skipped="0">
  <testcase classname="org.example.PruebaSoldado" name="siUnSoldadoRecibeMasDanioDelQueRecuperaDescansandoYLuegoDescansaEntoncesSusPuntosDeVidaDisminuyeron" time="0.001"/>
  <testcase classname="org.example.PruebaSoldado" name="unSoldadoRecienCreadoNoEstaMuerto" time="0.003"/>
  <testcase classname="org.example.PruebaSoldado" name="siUnSoldadoPeleaEntoncesSusPuntosDeVidaSeReducenALaMitadDelValorDelAtaque" time="0.001"/>
  <testcase classname="org.example.PruebaSoldado" name="unSoldadoMuertoNoPuedePelear" time="0.002"/>
  <testcase classname="org.example.PruebaSoldado" name="siUnSoldadoPeleaVariasVecesEntoncesSusPuntosDeVidaSeReducenALaMitadDeLaSumaDeLosAtaques" time="0.001"/>
  <testcase classname="org.example.PruebaSoldado" name="siUnNuevoSoldadoDescansaSusPuntosDeVidaMantienenElValorInicial" time="0.003"/>
  <testcase classname="org.example.PruebaSoldado" name="siUnSoldadoRecibeDanioQueSuperaSusPuntosDeVidaEntoncesEstaMuerto" time="0.001"/>
</testsuite> <!-- org.example.PruebaSoldado -->
