<?xml version="1.0" encoding="UTF-8"?>
<!-- Generated by org.testng.reporters.JUnitReportReporter -->
<testsuite hostname="PRACTIAARNB1955" failures="0" tests="3" name="ar.org.icaro.automatizacion.clase12.CucumberRunnerTests" time="16.016" errors="0" timestamp="2024-01-10T22:07:07 ART" skipped="0">
  <testcase classname="ar.org.icaro.automatizacion.clase12.CucumberRunnerTests" name="runScenario" time="3.550"/>
  <testcase classname="ar.org.icaro.automatizacion.clase12.CucumberRunnerTests" name="runScenario" time="7.507"/>
  <testcase classname="ar.org.icaro.automatizacion.clase12.CucumberRunnerTests" name="runScenario" time="4.959"/>
</testsuite> <!-- ar.org.icaro.automatizacion.clase12.CucumberRunnerTests -->
