<?xml version="1.0" encoding="UTF-8"?>
<!-- Generated by org.testng.reporters.JUnitReportReporter -->
<testsuite hostname="PRACTIAARNB1955" failures="0" tests="1" name="org.example.PruebaSuma" time="0.014" errors="0" timestamp="2023-12-12T18:17:34 ART" skipped="0">
  <testcase classname="org.example.PruebaSuma" name="validaSumaCero" time="0.014"/>
</testsuite> <!-- org.example.PruebaSuma -->
